<?xml version="1.0" encoding="UTF-8"?>
<!-- Generated by org.testng.reporters.JUnitXMLReporter -->
<testsuite ignored="0" hostname="DESKTOP-TGQVB1P" failures="1" tests="4" name="My Test" time="14.842" errors="0" timestamp="2024-05-22T19:03:11 IST">
  <testcase classname="testscript.LoginTest" name="verifyUserIsAbleToLoginUsingValidCredentials" time="0.0">
    <failure type="org.testng.TestNGException" message="
Parameter &amp;apos;Username&amp;apos; is required by @Test on method verifyUserIsAbleToLoginUsingValidCredentials but has not been marked @Optional or defined
in C:\Users\sanee\git\GroceryApp\GroceryappProject\testngExcelReport.xml">
      <![CDATA[org.testng.TestNGException: 
Parameter 'Username' is required by @Test on method verifyUserIsAbleToLoginUsingValidCredentials but has not been marked @Optional or defined
in C:\Users\sanee\git\GroceryApp\GroceryappProject\testngExcelReport.xml
at java.base/java.util.ArrayList.forEach(ArrayList.java:1511)
... Removed 26 stack frames]]>
    </failure>
  </testcase> <!-- verifyUserIsAbleToLoginUsingValidCredentials -->
  <testcase classname="testscript.LoginTest" name="verifyUserIsAbleToLoginUsingValidUsernameandInvalidPassword" time="2.777"/>
  <testcase classname="testscript.LoginTest" name="verifyUserIsAbleToLoginUsinginValidUsernameandInvalidPassword" time="0.869"/>
  <testcase classname="testscript.LoginTest" name="verifyUserIsAbleToLoginUsinginValidUsernameandvalidPassword" time="0.673"/>
</testsuite> <!-- My Test -->
